2025-09-03 12:37:55.378 | INFO     | __main__:<module>:38 - Module loaded.
2025-09-03 12:37:55.378 | INFO     | __main__:main:128 - START main() in utils_case.py
2025-09-03 12:37:55.379 | INFO     | __main__:main:131 - Byline:

---------------------------------------------------------
Stellar Analytics: Delivering Professional Insights
---------------------------------------------------------
Has International Clients:  True
Years in Operation:         10
Skills Offered:             ['Data Analysis', 'Machine Learning', 'Business Intelligence']
Client Satisfaction Scores: [4.8, 4.6, 4.9, 5.0, 4.7]
Minimum Satisfaction Score: 4.6
Maximum Satisfaction Score: 5.0
Mean Satisfaction Score: 4.80
Standard Deviation of Satisfaction Scores: 0.16

2025-09-03 22:23:45 | INFO | __main__:49 | Logger loaded.
2025-09-03 22:23:45 | INFO | __main__:169 | STARTING main()..
2025-09-03 22:23:45 | INFO | __main__:170 | Byline:

**********************************************************
Stellar Analytics — Project Header
**********************************************************
Author:                     Rucu Sethu
Motto:                      Clear. Strength and Support.
Location:                   Wildwood,Missouri
Years Active:               5
Accepting New Clients?:     True
Remote Workshops?:          True
work_from_home?:            True
Services:                   ['Data Analysis', 'Machine Learning', 'Business Intelligence']
Number of Employees:        25
Office Locations:           ['Fremont,CA', 'Nashville,TX', 'Tampa,FL']
 Count of Locations:        3
Client Satisfaction Scores: [4.8, 4.6, 4.9, 5.0, 4.7]
Minimum Satisfaction Score: 4.6
Maximum Satisfaction Score: 5.0
Mean Satisfaction Score:    4.80
     Standard Deviation:    0.16
**********************************************************

2025-09-03 22:23:51 | INFO | __main__:176 | Speech interrupted by user (Ctrl+C).
2025-09-03 22:23:51 | INFO | __main__:180 | This module is organized like all Python modules.
2025-09-03 22:23:51 | INFO | __main__:181 | We write professional Python from the start.
2025-09-03 22:23:51 | INFO | __main__:182 | END main()...
2025-09-03 22:31:06 | INFO | utils_rucu:49 | Logger loaded.
2025-09-03 22:31:18 | INFO | utils_rucu:49 | Logger loaded.
2025-09-03 22:31:26 | INFO | utils_rucu:49 | Logger loaded.
2025-09-03 22:31:50 | INFO | utils_rucu:49 | Logger loaded.
2025-09-03 22:37:43 | INFO | utils_rucu:49 | Logger loaded.
2025-09-03 22:37:43 | INFO | __main__:6 |  Logger Loaded.
2025-09-03 22:37:43.370 | INFO     | __main__:<module>:6 -  Logger Loaded.
2025-09-03 22:38:21 | INFO | utils_rucu:49 | Logger loaded.
2025-09-03 22:38:21 | INFO | __main__:6 |  Logger Loaded.
2025-09-03 22:38:21.562 | INFO     | __main__:<module>:6 -  Logger Loaded.
2025-09-03 22:38:33 | INFO | utils_rucu:49 | Logger loaded.
2025-09-03 22:38:33 | INFO | __main__:6 |  Logger Loaded.
2025-09-03 22:38:33.605 | INFO     | __main__:<module>:6 -  Logger Loaded.
2025-09-03 22:41:52 | INFO | utils_rucu:49 | Logger loaded.
2025-09-03 22:41:52 | INFO | __main__:6 | Logger Loaded.
2025-09-03 22:41:52.364 | INFO     | __main__:<module>:6 - Logger Loaded.
2025-09-03 22:42:11 | INFO | utils_rucu:49 | Logger loaded.
2025-09-03 22:42:11 | INFO | __main__:6 | Logger Loaded.
2025-09-03 22:42:11.995 | INFO     | __main__:<module>:6 - Logger Loaded.
2025-09-03 22:46:45 | INFO | utils_rucu:49 | Logger loaded.
2025-09-03 22:46:45 | INFO | __main__:6 | Logger Loaded.
2025-09-03 22:46:45.991 | INFO     | __main__:<module>:6 - Logger Loaded.
2025-09-03 22:49:26 | INFO | utils_rucu:49 | Logger loaded.
2025-09-03 22:49:26 | INFO | __main__:6 | Logger Loaded.
2025-09-03 22:49:26.416 | INFO     | __main__:<module>:6 - Logger Loaded.
2025-09-03 22:52:22 | INFO | utils_rucu:49 | Logger loaded.
2025-09-03 22:52:22 | INFO | __main__:6 | Logger Loaded.
2025-09-03 22:52:22.989 | INFO     | __main__:<module>:6 - Logger Loaded.
2025-09-03 22:53:39 | INFO | utils_rucu_1:49 | Logger loaded.
2025-09-03 22:53:39 | INFO | __main__:6 | Logger Loaded.
2025-09-03 22:53:39.657 | INFO     | __main__:<module>:6 - Logger Loaded.
2025-09-03 23:02:14 | INFO | utils_rucu_1:49 | Logger loaded.
2025-09-03 23:02:14 | INFO | __main__:8 | Logger Loaded.
2025-09-03 23:02:14.750 | INFO     | __main__:<module>:8 - Logger Loaded.
2025-09-03 23:02:14 | INFO | __main__:13 | Byline: 
**********************************************************
Stellar Analytics — Project Header
**********************************************************
Author:                     Rucu Sethu
Motto:                      Clear. Strength and Support.
Location:                   Wildwood,Missouri
Years Active:               5
Accepting New Clients?:     True
Remote Workshops?:          True
work_from_home?:            True
Services:                   ['Data Analysis', 'Machine Learning', 'Business Intelligence']
Number of Employees:        25
Office Locations:           ['Fremont,CA', 'Nashville,TX', 'Tampa,FL']
 Count of Locations:        3
Client Satisfaction Scores: [4.8, 4.6, 4.9, 5.0, 4.7]
Minimum Satisfaction Score: 4.6
Maximum Satisfaction Score: 5.0
Mean Satisfaction Score:    4.80
     Standard Deviation:    0.16
**********************************************************

2025-09-03 23:02:14.751 | INFO     | __main__:main:13 - Byline: 
**********************************************************
Stellar Analytics — Project Header
**********************************************************
Author:                     Rucu Sethu
Motto:                      Clear. Strength and Support.
Location:                   Wildwood,Missouri
Years Active:               5
Accepting New Clients?:     True
Remote Workshops?:          True
work_from_home?:            True
Services:                   ['Data Analysis', 'Machine Learning', 'Business Intelligence']
Number of Employees:        25
Office Locations:           ['Fremont,CA', 'Nashville,TX', 'Tampa,FL']
 Count of Locations:        3
Client Satisfaction Scores: [4.8, 4.6, 4.9, 5.0, 4.7]
Minimum Satisfaction Score: 4.6
Maximum Satisfaction Score: 5.0
Mean Satisfaction Score:    4.80
     Standard Deviation:    0.16
**********************************************************

2025-09-04 12:20:22 | INFO | utils_rucu_1:49 | Logger loaded.
2025-09-04 12:20:22 | INFO | __main__:8 | Logger Loaded.
2025-09-04 12:20:22.850 | INFO     | __main__:<module>:8 - Logger Loaded.
2025-09-04 12:20:22 | INFO | __main__:13 | Byline: 
**********************************************************
Stellar Analytics — Project Header
**********************************************************
Author:                     Rucu Sethu
Motto:                      Clear. Strength and Support.
Location:                   Wildwood,Missouri
Years Active:               5
Accepting New Clients?:     True
Remote Workshops?:          True
work_from_home?:            True
Services:                   ['Data Analysis', 'Machine Learning', 'Business Intelligence']
Number of Employees:        25
Office Locations:           ['Fremont,CA', 'Nashville,TX', 'Tampa,FL']
 Count of Locations:        3
Client Satisfaction Scores: [4.8, 4.6, 4.9, 5.0, 4.7]
Minimum Satisfaction Score: 4.6
Maximum Satisfaction Score: 5.0
Mean Satisfaction Score:    4.80
     Standard Deviation:    0.16
**********************************************************

2025-09-04 12:20:22.850 | INFO     | __main__:main:13 - Byline: 
**********************************************************
Stellar Analytics — Project Header
**********************************************************
Author:                     Rucu Sethu
Motto:                      Clear. Strength and Support.
Location:                   Wildwood,Missouri
Years Active:               5
Accepting New Clients?:     True
Remote Workshops?:          True
work_from_home?:            True
Services:                   ['Data Analysis', 'Machine Learning', 'Business Intelligence']
Number of Employees:        25
Office Locations:           ['Fremont,CA', 'Nashville,TX', 'Tampa,FL']
 Count of Locations:        3
Client Satisfaction Scores: [4.8, 4.6, 4.9, 5.0, 4.7]
Minimum Satisfaction Score: 4.6
Maximum Satisfaction Score: 5.0
Mean Satisfaction Score:    4.80
     Standard Deviation:    0.16
**********************************************************

2025-09-04 12:21:09 | INFO | utils_rucu_1:49 | Logger loaded.
2025-09-04 12:21:09 | INFO | __main__:8 | Logger Loaded.
2025-09-04 12:21:09.728 | INFO     | __main__:<module>:8 - Logger Loaded.
2025-09-04 12:21:09 | INFO | __main__:13 | Byline: 
**********************************************************
Stellar Analytics — Project Header
**********************************************************
Author:                     Rucu Sethu
Motto:                      Clear. Strength and Support.
Location:                   Wildwood,Missouri
Years Active:               5
Accepting New Clients?:     True
Remote Workshops?:          True
work_from_home?:            True
Services:                   ['Data Analysis', 'Machine Learning', 'Business Intelligence']
Number of Employees:        25
Office Locations:           ['Fremont,CA', 'Nashville,TX', 'Tampa,FL']
 Count of Locations:        3
Client Satisfaction Scores: [4.8, 4.6, 4.9, 5.0, 4.7]
Minimum Satisfaction Score: 4.6
Maximum Satisfaction Score: 5.0
Mean Satisfaction Score:    4.80
     Standard Deviation:    0.16
**********************************************************

2025-09-04 12:21:09.728 | INFO     | __main__:main:13 - Byline: 
**********************************************************
Stellar Analytics — Project Header
**********************************************************
Author:                     Rucu Sethu
Motto:                      Clear. Strength and Support.
Location:                   Wildwood,Missouri
Years Active:               5
Accepting New Clients?:     True
Remote Workshops?:          True
work_from_home?:            True
Services:                   ['Data Analysis', 'Machine Learning', 'Business Intelligence']
Number of Employees:        25
Office Locations:           ['Fremont,CA', 'Nashville,TX', 'Tampa,FL']
 Count of Locations:        3
Client Satisfaction Scores: [4.8, 4.6, 4.9, 5.0, 4.7]
Minimum Satisfaction Score: 4.6
Maximum Satisfaction Score: 5.0
Mean Satisfaction Score:    4.80
     Standard Deviation:    0.16
**********************************************************

2025-09-04 12:31:47.204 | INFO     | utils_rucu_1:<module>:38 - Module loaded.
2025-09-04 12:31:47.207 | INFO     | __main__:<module>:8 - Logger Loaded.
2025-09-04 12:31:47.207 | INFO     | __main__:<module>:8 - Logger Loaded.
2025-09-04 12:31:47.207 | INFO     | __main__:main:13 - Byline: 
---------------------------------------------------------
Stellar Analytics: Delivering Professional Insights
---------------------------------------------------------
Has International Clients:  True
Years in Operation:         10
Skills Offered:             ['Data Analysis', 'Machine Learning', 'Business Intelligence']
Client Satisfaction Scores: [4.8, 4.6, 4.9, 5.0, 4.7]
Minimum Satisfaction Score: 4.6
Maximum Satisfaction Score: 5.0
Mean Satisfaction Score: 4.80
Standard Deviation of Satisfaction Scores: 0.16

2025-09-04 12:31:47.207 | INFO     | __main__:main:13 - Byline: 
---------------------------------------------------------
Stellar Analytics: Delivering Professional Insights
---------------------------------------------------------
Has International Clients:  True
Years in Operation:         10
Skills Offered:             ['Data Analysis', 'Machine Learning', 'Business Intelligence']
Client Satisfaction Scores: [4.8, 4.6, 4.9, 5.0, 4.7]
Minimum Satisfaction Score: 4.6
Maximum Satisfaction Score: 5.0
Mean Satisfaction Score: 4.80
Standard Deviation of Satisfaction Scores: 0.16

2025-09-04 18:08:44.618 | INFO     | utils_rucu_1:<module>:38 - Module loaded.
2025-09-04 18:08:44.621 | INFO     | __main__:<module>:15 - Logger Loaded.
2025-09-04 18:08:44.621 | INFO     | __main__:<module>:15 - Logger Loaded.
2025-09-04 18:08:44.622 | INFO     | __main__:create_folder:32 - Folder'C:\Users\rucma\OneDrive\Desktop\Rucu_new_folder' created successfully.
2025-09-04 18:08:44.622 | INFO     | __main__:create_folder:32 - Folder'C:\Users\rucma\OneDrive\Desktop\Rucu_new_folder' created successfully.
2025-09-04 18:08:44.623 | INFO     | __main__:main:42 - ########################################
2025-09-04 18:08:44.623 | INFO     | __main__:main:42 - ########################################
2025-09-04 18:08:44.623 | INFO     | __main__:main:43 - #Starting execution of main
2025-09-04 18:08:44.623 | INFO     | __main__:main:43 - #Starting execution of main
2025-09-04 18:08:44.623 | INFO     | __main__:main:44 - ##########################################
2025-09-04 18:08:44.623 | INFO     | __main__:main:44 - ##########################################
2025-09-04 18:08:44.623 | INFO     | __main__:main:46 - Byline: 
---------------------------------------------------------
Stellar Analytics: Delivering Professional Insights
---------------------------------------------------------
Has International Clients:  True
Years in Operation:         10
Skills Offered:             ['Data Analysis', 'Machine Learning', 'Business Intelligence']
Client Satisfaction Scores: [4.8, 4.6, 4.9, 5.0, 4.7]
Minimum Satisfaction Score: 4.6
Maximum Satisfaction Score: 5.0
Mean Satisfaction Score: 4.80
Standard Deviation of Satisfaction Scores: 0.16

2025-09-04 18:08:44.623 | INFO     | __main__:main:46 - Byline: 
---------------------------------------------------------
Stellar Analytics: Delivering Professional Insights
---------------------------------------------------------
Has International Clients:  True
Years in Operation:         10
Skills Offered:             ['Data Analysis', 'Machine Learning', 'Business Intelligence']
Client Satisfaction Scores: [4.8, 4.6, 4.9, 5.0, 4.7]
Minimum Satisfaction Score: 4.6
Maximum Satisfaction Score: 5.0
Mean Satisfaction Score: 4.80
Standard Deviation of Satisfaction Scores: 0.16

2025-09-04 22:08:55.906 | INFO     | utils_rucu_1:<module>:38 - Module loaded.
2025-09-04 22:08:55.912 | INFO     | __main__:<module>:15 - Logger Loaded.
2025-09-04 22:08:55.912 | INFO     | __main__:<module>:15 - Logger Loaded.
2025-09-04 22:08:55.914 | INFO     | __main__:create_folder:34 - Folder'C:\Users\rucma\OneDrive\Desktop\Rucu_new_folder' created successfully.
2025-09-04 22:08:55.914 | INFO     | __main__:create_folder:34 - Folder'C:\Users\rucma\OneDrive\Desktop\Rucu_new_folder' created successfully.
2025-09-04 22:08:55.914 | INFO     | __main__:create_even_folder:52 - Folder not created as 1 is an odd number
2025-09-04 22:08:55.914 | INFO     | __main__:create_even_folder:52 - Folder not created as 1 is an odd number
2025-09-04 22:08:55.915 | INFO     | __main__:create_even_folder:50 - FolderC:\Users\rucma\OneDrive\Desktop\2created successfully
2025-09-04 22:08:55.915 | INFO     | __main__:create_even_folder:50 - FolderC:\Users\rucma\OneDrive\Desktop\2created successfully
2025-09-04 22:08:55.915 | INFO     | __main__:create_even_folder:52 - Folder not created as 3 is an odd number
2025-09-04 22:08:55.915 | INFO     | __main__:create_even_folder:52 - Folder not created as 3 is an odd number
2025-09-04 22:08:55.916 | INFO     | __main__:create_even_folder:50 - FolderC:\Users\rucma\OneDrive\Desktop\4created successfully
2025-09-04 22:08:55.916 | INFO     | __main__:create_even_folder:50 - FolderC:\Users\rucma\OneDrive\Desktop\4created successfully
2025-09-04 22:08:55.917 | INFO     | __main__:main:61 - ########################################
2025-09-04 22:08:55.917 | INFO     | __main__:main:61 - ########################################
2025-09-04 22:08:55.918 | INFO     | __main__:main:62 - #Starting execution of main
2025-09-04 22:08:55.918 | INFO     | __main__:main:62 - #Starting execution of main
2025-09-04 22:08:55.918 | INFO     | __main__:main:63 - ##########################################
2025-09-04 22:08:55.918 | INFO     | __main__:main:63 - ##########################################
2025-09-04 22:08:55.919 | INFO     | __main__:main:65 - Byline: 
---------------------------------------------------------
Stellar Analytics: Delivering Professional Insights
---------------------------------------------------------
Has International Clients:  True
Years in Operation:         10
Skills Offered:             ['Data Analysis', 'Machine Learning', 'Business Intelligence']
Client Satisfaction Scores: [4.8, 4.6, 4.9, 5.0, 4.7]
Minimum Satisfaction Score: 4.6
Maximum Satisfaction Score: 5.0
Mean Satisfaction Score: 4.80
Standard Deviation of Satisfaction Scores: 0.16

2025-09-04 22:08:55.919 | INFO     | __main__:main:65 - Byline: 
---------------------------------------------------------
Stellar Analytics: Delivering Professional Insights
---------------------------------------------------------
Has International Clients:  True
Years in Operation:         10
Skills Offered:             ['Data Analysis', 'Machine Learning', 'Business Intelligence']
Client Satisfaction Scores: [4.8, 4.6, 4.9, 5.0, 4.7]
Minimum Satisfaction Score: 4.6
Maximum Satisfaction Score: 5.0
Mean Satisfaction Score: 4.80
Standard Deviation of Satisfaction Scores: 0.16

2025-09-04 23:07:58.619 | INFO     | utils_rucu_1:<module>:38 - Module loaded.
2025-09-04 23:07:58.622 | INFO     | __main__:<module>:15 - Logger Loaded.
2025-09-04 23:07:58.622 | INFO     | __main__:<module>:15 - Logger Loaded.
2025-09-04 23:07:58.623 | INFO     | __main__:create_folder:34 - Folder'C:\Users\rucma\OneDrive\Desktop\Rucu_new_folder' created successfully.
2025-09-04 23:07:58.623 | INFO     | __main__:create_folder:34 - Folder'C:\Users\rucma\OneDrive\Desktop\Rucu_new_folder' created successfully.
2025-09-04 23:07:58.624 | INFO     | __main__:create_even_folder:52 - Folder not created as 1 is an odd number
2025-09-04 23:07:58.624 | INFO     | __main__:create_even_folder:52 - Folder not created as 1 is an odd number
2025-09-04 23:07:58.624 | INFO     | __main__:create_even_folder:50 - FolderC:\Users\rucma\OneDrive\Desktop\2created successfully
2025-09-04 23:07:58.624 | INFO     | __main__:create_even_folder:50 - FolderC:\Users\rucma\OneDrive\Desktop\2created successfully
2025-09-04 23:07:58.624 | INFO     | __main__:create_even_folder:52 - Folder not created as 3 is an odd number
2025-09-04 23:07:58.624 | INFO     | __main__:create_even_folder:52 - Folder not created as 3 is an odd number
2025-09-04 23:07:58.625 | INFO     | __main__:create_even_folder:50 - FolderC:\Users\rucma\OneDrive\Desktop\4created successfully
2025-09-04 23:07:58.625 | INFO     | __main__:create_even_folder:50 - FolderC:\Users\rucma\OneDrive\Desktop\4created successfully
2025-09-04 23:07:58.625 | INFO     | __main__:create_folder_if_palindrome:63 - '['MOM', 'Rucu', 'MADAM']' is a palindrome.Creating folder.
2025-09-04 23:07:58.625 | INFO     | __main__:create_folder_if_palindrome:63 - '['MOM', 'Rucu', 'MADAM']' is a palindrome.Creating folder.
2025-09-04 23:07:58.626 | INFO     | __main__:create_folder_if_palindrome:66 - Palindrome folder'C:\Users\rucma\OneDrive\Desktop\MOM' created successfully.
2025-09-04 23:07:58.626 | INFO     | __main__:create_folder_if_palindrome:66 - Palindrome folder'C:\Users\rucma\OneDrive\Desktop\MOM' created successfully.
2025-09-04 23:07:58.626 | INFO     | __main__:create_folder_if_palindrome:68 - 'Rucu is not a Palindrome.Skipping.
2025-09-04 23:07:58.626 | INFO     | __main__:create_folder_if_palindrome:68 - 'Rucu is not a Palindrome.Skipping.
2025-09-04 23:07:58.627 | INFO     | __main__:create_folder_if_palindrome:63 - '['MOM', 'Rucu', 'MADAM']' is a palindrome.Creating folder.
2025-09-04 23:07:58.627 | INFO     | __main__:create_folder_if_palindrome:63 - '['MOM', 'Rucu', 'MADAM']' is a palindrome.Creating folder.
2025-09-04 23:07:58.628 | INFO     | __main__:create_folder_if_palindrome:66 - Palindrome folder'C:\Users\rucma\OneDrive\Desktop\MADAM' created successfully.
2025-09-04 23:07:58.628 | INFO     | __main__:create_folder_if_palindrome:66 - Palindrome folder'C:\Users\rucma\OneDrive\Desktop\MADAM' created successfully.
2025-09-04 23:07:58.629 | INFO     | __main__:main:75 - ########################################
2025-09-04 23:07:58.629 | INFO     | __main__:main:75 - ########################################
2025-09-04 23:07:58.631 | INFO     | __main__:main:76 - #Starting execution of main
2025-09-04 23:07:58.631 | INFO     | __main__:main:76 - #Starting execution of main
2025-09-04 23:07:58.631 | INFO     | __main__:main:77 - ##########################################
2025-09-04 23:07:58.631 | INFO     | __main__:main:77 - ##########################################
2025-09-04 23:07:58.631 | INFO     | __main__:main:79 - Byline: 
---------------------------------------------------------
Stellar Analytics: Delivering Professional Insights
---------------------------------------------------------
Has International Clients:  True
Years in Operation:         10
Skills Offered:             ['Data Analysis', 'Machine Learning', 'Business Intelligence']
Client Satisfaction Scores: [4.8, 4.6, 4.9, 5.0, 4.7]
Minimum Satisfaction Score: 4.6
Maximum Satisfaction Score: 5.0
Mean Satisfaction Score: 4.80
Standard Deviation of Satisfaction Scores: 0.16

2025-09-04 23:07:58.631 | INFO     | __main__:main:79 - Byline: 
---------------------------------------------------------
Stellar Analytics: Delivering Professional Insights
---------------------------------------------------------
Has International Clients:  True
Years in Operation:         10
Skills Offered:             ['Data Analysis', 'Machine Learning', 'Business Intelligence']
Client Satisfaction Scores: [4.8, 4.6, 4.9, 5.0, 4.7]
Minimum Satisfaction Score: 4.6
Maximum Satisfaction Score: 5.0
Mean Satisfaction Score: 4.80
Standard Deviation of Satisfaction Scores: 0.16

2025-09-05 11:22:06.030 | INFO     | utils_rucu_1:<module>:38 - Module loaded.
2025-09-05 11:22:06.033 | INFO     | __main__:<module>:15 - Logger Loaded.
2025-09-05 11:22:06.033 | INFO     | __main__:<module>:15 - Logger Loaded.
2025-09-05 11:22:06.035 | INFO     | __main__:create_folder:34 - Folder'C:\Users\rucma\OneDrive\Desktop\Rucu_new_folder' created successfully.
2025-09-05 11:22:06.035 | INFO     | __main__:create_folder:34 - Folder'C:\Users\rucma\OneDrive\Desktop\Rucu_new_folder' created successfully.
2025-09-05 11:22:06.036 | INFO     | __main__:create_even_folder:52 - Folder not created as 1 is an odd number
2025-09-05 11:22:06.036 | INFO     | __main__:create_even_folder:52 - Folder not created as 1 is an odd number
2025-09-05 11:22:06.038 | INFO     | __main__:create_even_folder:50 - FolderC:\Users\rucma\OneDrive\Desktop\2created successfully
2025-09-05 11:22:06.038 | INFO     | __main__:create_even_folder:50 - FolderC:\Users\rucma\OneDrive\Desktop\2created successfully
2025-09-05 11:22:06.038 | INFO     | __main__:create_even_folder:52 - Folder not created as 3 is an odd number
2025-09-05 11:22:06.038 | INFO     | __main__:create_even_folder:52 - Folder not created as 3 is an odd number
2025-09-05 11:22:06.039 | INFO     | __main__:create_even_folder:50 - FolderC:\Users\rucma\OneDrive\Desktop\4created successfully
2025-09-05 11:22:06.039 | INFO     | __main__:create_even_folder:50 - FolderC:\Users\rucma\OneDrive\Desktop\4created successfully
2025-09-05 11:22:06.040 | INFO     | __main__:create_folder_if_palindrome:63 - '['MOM', 'Rucu', 'MADAM']' is a palindrome.Creating folder.
2025-09-05 11:22:06.040 | INFO     | __main__:create_folder_if_palindrome:63 - '['MOM', 'Rucu', 'MADAM']' is a palindrome.Creating folder.
2025-09-05 11:22:06.040 | INFO     | __main__:create_folder_if_palindrome:66 - Palindrome folder'C:\Users\rucma\OneDrive\Desktop\MOM' created successfully.
2025-09-05 11:22:06.040 | INFO     | __main__:create_folder_if_palindrome:66 - Palindrome folder'C:\Users\rucma\OneDrive\Desktop\MOM' created successfully.
2025-09-05 11:22:06.041 | INFO     | __main__:create_folder_if_palindrome:68 - 'Rucu is not a Palindrome.Skipping.
2025-09-05 11:22:06.041 | INFO     | __main__:create_folder_if_palindrome:68 - 'Rucu is not a Palindrome.Skipping.
2025-09-05 11:22:06.041 | INFO     | __main__:create_folder_if_palindrome:63 - '['MOM', 'Rucu', 'MADAM']' is a palindrome.Creating folder.
2025-09-05 11:22:06.041 | INFO     | __main__:create_folder_if_palindrome:63 - '['MOM', 'Rucu', 'MADAM']' is a palindrome.Creating folder.
2025-09-05 11:22:06.042 | INFO     | __main__:create_folder_if_palindrome:66 - Palindrome folder'C:\Users\rucma\OneDrive\Desktop\MADAM' created successfully.
2025-09-05 11:22:06.042 | INFO     | __main__:create_folder_if_palindrome:66 - Palindrome folder'C:\Users\rucma\OneDrive\Desktop\MADAM' created successfully.
2025-09-05 11:22:46.469 | INFO     | utils_rucu_1:<module>:38 - Module loaded.
2025-09-05 11:22:46.471 | INFO     | __main__:<module>:17 - Logger Loaded.
2025-09-05 11:22:46.471 | INFO     | __main__:<module>:17 - Logger Loaded.
2025-09-05 11:22:46.472 | INFO     | __main__:create_folder:36 - Folder'C:\Users\rucma\OneDrive\Desktop\Rucu_new_folder' created successfully.
2025-09-05 11:22:46.472 | INFO     | __main__:create_folder:36 - Folder'C:\Users\rucma\OneDrive\Desktop\Rucu_new_folder' created successfully.
2025-09-05 11:22:46.472 | INFO     | __main__:create_even_folder:54 - Folder not created as 1 is an odd number
2025-09-05 11:22:46.472 | INFO     | __main__:create_even_folder:54 - Folder not created as 1 is an odd number
2025-09-05 11:22:46.473 | INFO     | __main__:create_even_folder:52 - FolderC:\Users\rucma\OneDrive\Desktop\2created successfully
2025-09-05 11:22:46.473 | INFO     | __main__:create_even_folder:52 - FolderC:\Users\rucma\OneDrive\Desktop\2created successfully
2025-09-05 11:22:46.473 | INFO     | __main__:create_even_folder:54 - Folder not created as 3 is an odd number
2025-09-05 11:22:46.473 | INFO     | __main__:create_even_folder:54 - Folder not created as 3 is an odd number
2025-09-05 11:22:46.474 | INFO     | __main__:create_even_folder:52 - FolderC:\Users\rucma\OneDrive\Desktop\4created successfully
2025-09-05 11:22:46.474 | INFO     | __main__:create_even_folder:52 - FolderC:\Users\rucma\OneDrive\Desktop\4created successfully
2025-09-05 11:22:46.474 | INFO     | __main__:create_folder_if_palindrome:65 - '['MOM', 'Rucu', 'MADAM']' is a palindrome.Creating folder.
2025-09-05 11:22:46.474 | INFO     | __main__:create_folder_if_palindrome:65 - '['MOM', 'Rucu', 'MADAM']' is a palindrome.Creating folder.
2025-09-05 11:22:46.475 | INFO     | __main__:create_folder_if_palindrome:68 - Palindrome folder'C:\Users\rucma\OneDrive\Desktop\MOM' created successfully.
2025-09-05 11:22:46.475 | INFO     | __main__:create_folder_if_palindrome:68 - Palindrome folder'C:\Users\rucma\OneDrive\Desktop\MOM' created successfully.
2025-09-05 11:22:46.475 | INFO     | __main__:create_folder_if_palindrome:70 - 'Rucu is not a Palindrome.Skipping.
2025-09-05 11:22:46.475 | INFO     | __main__:create_folder_if_palindrome:70 - 'Rucu is not a Palindrome.Skipping.
2025-09-05 11:22:46.475 | INFO     | __main__:create_folder_if_palindrome:65 - '['MOM', 'Rucu', 'MADAM']' is a palindrome.Creating folder.
2025-09-05 11:22:46.475 | INFO     | __main__:create_folder_if_palindrome:65 - '['MOM', 'Rucu', 'MADAM']' is a palindrome.Creating folder.
2025-09-05 11:22:46.476 | INFO     | __main__:create_folder_if_palindrome:68 - Palindrome folder'C:\Users\rucma\OneDrive\Desktop\MADAM' created successfully.
2025-09-05 11:22:46.476 | INFO     | __main__:create_folder_if_palindrome:68 - Palindrome folder'C:\Users\rucma\OneDrive\Desktop\MADAM' created successfully.
2025-09-05 11:29:38.866 | INFO     | utils_rucu_1:<module>:38 - Module loaded.
2025-09-05 11:29:38.870 | INFO     | __main__:<module>:17 - Logger Loaded.
2025-09-05 11:29:38.870 | INFO     | __main__:<module>:17 - Logger Loaded.
2025-09-05 11:29:38.870 | INFO     | __main__:create_folder:36 - Folder'C:\Users\rucma\OneDrive\Desktop\Rucu_new_folder' created successfully.
2025-09-05 11:29:38.870 | INFO     | __main__:create_folder:36 - Folder'C:\Users\rucma\OneDrive\Desktop\Rucu_new_folder' created successfully.
2025-09-05 11:29:38.871 | INFO     | __main__:create_even_folder:54 - Folder not created as 1 is an odd number
2025-09-05 11:29:38.871 | INFO     | __main__:create_even_folder:54 - Folder not created as 1 is an odd number
2025-09-05 11:29:38.872 | INFO     | __main__:create_even_folder:52 - FolderC:\Users\rucma\OneDrive\Desktop\2created successfully
2025-09-05 11:29:38.872 | INFO     | __main__:create_even_folder:52 - FolderC:\Users\rucma\OneDrive\Desktop\2created successfully
2025-09-05 11:29:38.872 | INFO     | __main__:create_even_folder:54 - Folder not created as 3 is an odd number
2025-09-05 11:29:38.872 | INFO     | __main__:create_even_folder:54 - Folder not created as 3 is an odd number
2025-09-05 11:29:38.873 | INFO     | __main__:create_even_folder:52 - FolderC:\Users\rucma\OneDrive\Desktop\4created successfully
2025-09-05 11:29:38.873 | INFO     | __main__:create_even_folder:52 - FolderC:\Users\rucma\OneDrive\Desktop\4created successfully
2025-09-05 11:29:38.874 | INFO     | __main__:create_folder_if_palindrome:65 - '['MOM', 'Rucu', 'MADAM']' is a palindrome.Creating folder.
2025-09-05 11:29:38.874 | INFO     | __main__:create_folder_if_palindrome:65 - '['MOM', 'Rucu', 'MADAM']' is a palindrome.Creating folder.
2025-09-05 11:29:38.875 | INFO     | __main__:create_folder_if_palindrome:68 - Palindrome folder'C:\Users\rucma\OneDrive\Desktop\MOM' created successfully.
2025-09-05 11:29:38.875 | INFO     | __main__:create_folder_if_palindrome:68 - Palindrome folder'C:\Users\rucma\OneDrive\Desktop\MOM' created successfully.
2025-09-05 11:29:38.876 | INFO     | __main__:create_folder_if_palindrome:70 - 'Rucu is not a Palindrome.Skipping.
2025-09-05 11:29:38.876 | INFO     | __main__:create_folder_if_palindrome:70 - 'Rucu is not a Palindrome.Skipping.
2025-09-05 11:29:38.877 | INFO     | __main__:create_folder_if_palindrome:65 - '['MOM', 'Rucu', 'MADAM']' is a palindrome.Creating folder.
2025-09-05 11:29:38.877 | INFO     | __main__:create_folder_if_palindrome:65 - '['MOM', 'Rucu', 'MADAM']' is a palindrome.Creating folder.
2025-09-05 11:29:38.878 | INFO     | __main__:create_folder_if_palindrome:68 - Palindrome folder'C:\Users\rucma\OneDrive\Desktop\MADAM' created successfully.
2025-09-05 11:29:38.878 | INFO     | __main__:create_folder_if_palindrome:68 - Palindrome folder'C:\Users\rucma\OneDrive\Desktop\MADAM' created successfully.
2025-09-05 11:30:45.247 | INFO     | utils_rucu_1:<module>:38 - Module loaded.
2025-09-05 11:30:45.252 | INFO     | __main__:<module>:17 - Logger Loaded.
2025-09-05 11:30:45.252 | INFO     | __main__:<module>:17 - Logger Loaded.
2025-09-05 11:30:45.252 | INFO     | __main__:create_folder:36 - Folder'C:\Users\rucma\OneDrive\Desktop\Rucu_new_folder' created successfully.
2025-09-05 11:30:45.252 | INFO     | __main__:create_folder:36 - Folder'C:\Users\rucma\OneDrive\Desktop\Rucu_new_folder' created successfully.
2025-09-05 11:30:45.253 | INFO     | __main__:create_even_folder:54 - Folder not created as 1 is an odd number
2025-09-05 11:30:45.253 | INFO     | __main__:create_even_folder:54 - Folder not created as 1 is an odd number
2025-09-05 11:30:45.253 | INFO     | __main__:create_even_folder:52 - FolderC:\Users\rucma\OneDrive\Desktop\2created successfully
2025-09-05 11:30:45.253 | INFO     | __main__:create_even_folder:52 - FolderC:\Users\rucma\OneDrive\Desktop\2created successfully
2025-09-05 11:30:45.254 | INFO     | __main__:create_even_folder:54 - Folder not created as 3 is an odd number
2025-09-05 11:30:45.254 | INFO     | __main__:create_even_folder:54 - Folder not created as 3 is an odd number
2025-09-05 11:30:45.255 | INFO     | __main__:create_even_folder:52 - FolderC:\Users\rucma\OneDrive\Desktop\4created successfully
2025-09-05 11:30:45.255 | INFO     | __main__:create_even_folder:52 - FolderC:\Users\rucma\OneDrive\Desktop\4created successfully
2025-09-05 11:30:45.255 | INFO     | __main__:create_folder_if_palindrome:65 - '['MOM', 'Rucu', 'MADAM']' is a palindrome.Creating folder.
2025-09-05 11:30:45.255 | INFO     | __main__:create_folder_if_palindrome:65 - '['MOM', 'Rucu', 'MADAM']' is a palindrome.Creating folder.
2025-09-05 11:30:45.256 | INFO     | __main__:create_folder_if_palindrome:68 - Palindrome folder'C:\Users\rucma\OneDrive\Desktop\MOM' created successfully.
2025-09-05 11:30:45.256 | INFO     | __main__:create_folder_if_palindrome:68 - Palindrome folder'C:\Users\rucma\OneDrive\Desktop\MOM' created successfully.
2025-09-05 11:30:45.256 | INFO     | __main__:create_folder_if_palindrome:70 - 'Rucu is not a Palindrome.Skipping.
2025-09-05 11:30:45.256 | INFO     | __main__:create_folder_if_palindrome:70 - 'Rucu is not a Palindrome.Skipping.
2025-09-05 11:30:45.257 | INFO     | __main__:create_folder_if_palindrome:65 - '['MOM', 'Rucu', 'MADAM']' is a palindrome.Creating folder.
2025-09-05 11:30:45.257 | INFO     | __main__:create_folder_if_palindrome:65 - '['MOM', 'Rucu', 'MADAM']' is a palindrome.Creating folder.
2025-09-05 11:30:45.257 | INFO     | __main__:create_folder_if_palindrome:68 - Palindrome folder'C:\Users\rucma\OneDrive\Desktop\MADAM' created successfully.
2025-09-05 11:30:45.257 | INFO     | __main__:create_folder_if_palindrome:68 - Palindrome folder'C:\Users\rucma\OneDrive\Desktop\MADAM' created successfully.
